# JRE version: Java(TM) SE Runtime Environment (8.0_261-b12) (build 1.8.0_261-b12)
# Java VM: Java HotSpot(TM) 64-Bit Server VM (25.261-b12 mixed mode linux-amd64 compressed oops)
Heap:
 PSYoungGen      total 103936K, used 80962K [0x00000000d7800000, 0x00000000df700000, 0x0000000100000000)
  eden space 83968K, 77% used [0x00000000d7800000,0x00000000db731b38,0x00000000dca00000)
  from space 19968K, 81% used [0x00000000de380000,0x00000000df35f090,0x00000000df700000)
  to   space 23040K, 0% used [0x00000000dca00000,0x00000000dca00000,0x00000000de080000)
 ParOldGen       total 191488K, used 69428K [0x0000000086800000, 0x0000000092300000, 0x00000000d7800000)
  object space 191488K, 36% used [0x0000000086800000,0x000000008abcd2b0,0x0000000092300000)
 Metaspace       used 31675K, capacity 33442K, committed 33792K, reserved 1079296K
  class space    used 4188K, capacity 4526K, committed 4608K, reserved 1048576K
GC Heap History (10 events):
Event: 6.547 GC heap before
{Heap before GC invocations=4 (full 1):
 PSYoungGen      total 36352K, used 31232K [0x00000000d7800000, 0x00000000dbf00000, 0x0000000100000000)
  eden space 31232K, 100% used [0x00000000d7800000,0x00000000d9680000,0x00000000d9680000)
  from space 5120K, 0% used [0x00000000d9b80000,0x00000000d9b80000,0x00000000da080000)
  to   space 5120K, 0% used [0x00000000d9680000,0x00000000d9680000,0x00000000d9b80000)
 ParOldGen       total 52736K, used 6532K [0x0000000086800000, 0x0000000089b80000, 0x00000000d7800000)
  object space 52736K, 12% used [0x0000000086800000,0x0000000086e61350,0x0000000089b80000)
 Metaspace       used 26301K, capacity 27852K, committed 28160K, reserved 1073152K
  class space    used 3747K, capacity 4037K, committed 4096K, reserved 1048576K
Event: 6.568 GC heap after
Heap after GC invocations=4 (full 1):
 PSYoungGen      total 36352K, used 5092K [0x00000000d7800000, 0x00000000db300000, 0x0000000100000000)
  eden space 31232K, 0% used [0x00000000d7800000,0x00000000d7800000,0x00000000d9680000)
  from space 5120K, 99% used [0x00000000d9680000,0x00000000d9b792a0,0x00000000d9b80000)
  to   space 5120K, 0% used [0x00000000dae00000,0x00000000dae00000,0x00000000db300000)
 ParOldGen       total 52736K, used 6828K [0x0000000086800000, 0x0000000089b80000, 0x00000000d7800000)
  object space 52736K, 12% used [0x0000000086800000,0x0000000086eab350,0x0000000089b80000)
 Metaspace       used 26301K, capacity 27852K, committed 28160K, reserved 1073152K
  class space    used 3747K, capacity 4037K, committed 4096K, reserved 1048576K
}
Event: 7.618 GC heap before
{Heap before GC invocations=5 (full 1):
 PSYoungGen      total 36352K, used 34686K [0x00000000d7800000, 0x00000000db300000, 0x0000000100000000)
  eden space 31232K, 94% used [0x00000000d7800000,0x00000000d94e66b8,0x00000000d9680000)
  from space 5120K, 99% used [0x00000000d9680000,0x00000000d9b792a0,0x00000000d9b80000)
  to   space 5120K, 0% used [0x00000000dae00000,0x00000000dae00000,0x00000000db300000)
 ParOldGen       total 52736K, used 6828K [0x0000000086800000, 0x0000000089b80000, 0x00000000d7800000)
  object space 52736K, 12% used [0x0000000086800000,0x0000000086eab350,0x0000000089b80000)
 Metaspace       used 28317K, capacity 29852K, committed 30208K, reserved 1075200K
  class space    used 3961K, capacity 4251K, committed 4352K, reserved 1048576K
Event: 7.707 GC heap after
Heap after GC invocations=5 (full 1):
 PSYoungGen      total 55296K, used 5101K [0x00000000d7800000, 0x00000000db900000, 0x0000000100000000)
  eden space 50176K, 0% used [0x00000000d7800000,0x00000000d7800000,0x00000000da900000)
  from space 5120K, 99% used [0x00000000dae00000,0x00000000db2fb5f0,0x00000000db300000)
  to   space 5120K, 0% used [0x00000000da900000,0x00000000da900000,0x00000000dae00000)
 ParOldGen       total 52736K, used 24979K [0x0000000086800000, 0x0000000089b80000, 0x00000000d7800000)
  object space 52736K, 47% used [0x0000000086800000,0x0000000088064db0,0x0000000089b80000)
 Metaspace       used 28317K, capacity 29852K, committed 30208K, reserved 1075200K
  class space    used 3961K, capacity 4251K, committed 4352K, reserved 1048576K
}
Event: 12.065 GC heap before
{Heap before GC invocations=6 (full 1):
 PSYoungGen      total 55296K, used 55277K [0x00000000d7800000, 0x00000000db900000, 0x0000000100000000)
  eden space 50176K, 100% used [0x00000000d7800000,0x00000000da900000,0x00000000da900000)
  from space 5120K, 99% used [0x00000000dae00000,0x00000000db2fb5f0,0x00000000db300000)
  to   space 5120K, 0% used [0x00000000da900000,0x00000000da900000,0x00000000dae00000)
 ParOldGen       total 52736K, used 24979K [0x0000000086800000, 0x0000000089b80000, 0x00000000d7800000)
  object space 52736K, 47% used [0x0000000086800000,0x0000000088064dc8,0x0000000089b80000)
 Metaspace       used 29378K, capacity 31006K, committed 31232K, reserved 1077248K
  class space    used 4049K, capacity 4332K, committed 4352K, reserved 1048576K
Event: 12.157 GC heap after
Heap after GC invocations=6 (full 1):
 PSYoungGen      total 55296K, used 3672K [0x00000000d7800000, 0x00000000df780000, 0x0000000100000000)
  eden space 50176K, 0% used [0x00000000d7800000,0x00000000d7800000,0x00000000da900000)
  from space 5120K, 71% used [0x00000000da900000,0x00000000dac963d8,0x00000000dae00000)
  to   space 20480K, 0% used [0x00000000de380000,0x00000000de380000,0x00000000df780000)
 ParOldGen       total 122368K, used 119403K [0x0000000086800000, 0x000000008df80000, 0x00000000d7800000)
  object space 122368K, 97% used [0x0000000086800000,0x000000008dc9ae58,0x000000008df80000)
 Metaspace       used 29378K, capacity 31006K, committed 31232K, reserved 1077248K
  class space    used 4049K, capacity 4332K, committed 4352K, reserved 1048576K
}
Event: 12.157 GC heap before
{Heap before GC invocations=7 (full 2):
 PSYoungGen      total 55296K, used 3672K [0x00000000d7800000, 0x00000000df780000, 0x0000000100000000)
  eden space 50176K, 0% used [0x00000000d7800000,0x00000000d7800000,0x00000000da900000)
  from space 5120K, 71% used [0x00000000da900000,0x00000000dac963d8,0x00000000dae00000)
  to   space 20480K, 0% used [0x00000000de380000,0x00000000de380000,0x00000000df780000)
 ParOldGen       total 122368K, used 119403K [0x0000000086800000, 0x000000008df80000, 0x00000000d7800000)
  object space 122368K, 97% used [0x0000000086800000,0x000000008dc9ae58,0x000000008df80000)
 Metaspace       used 29378K, capacity 31006K, committed 31232K, reserved 1077248K
  class space    used 4049K, capacity 4332K, committed 4352K, reserved 1048576K
Event: 12.248 GC heap after
Heap after GC invocations=7 (full 2):
 PSYoungGen      total 55296K, used 0K [0x00000000d7800000, 0x00000000df780000, 0x0000000100000000)
  eden space 50176K, 0% used [0x00000000d7800000,0x00000000d7800000,0x00000000da900000)
  from space 5120K, 0% used [0x00000000da900000,0x00000000da900000,0x00000000dae00000)
  to   space 20480K, 0% used [0x00000000de380000,0x00000000de380000,0x00000000df780000)
 ParOldGen       total 191488K, used 60612K [0x0000000086800000, 0x0000000092300000, 0x00000000d7800000)
  object space 191488K, 31% used [0x0000000086800000,0x000000008a331058,0x0000000092300000)
 Metaspace       used 29378K, capacity 31006K, committed 31232K, reserved 1077248K
  class space    used 4049K, capacity 4332K, committed 4352K, reserved 1048576K
}
Event: 80.348 GC heap before
{Heap before GC invocations=8 (full 2):
 PSYoungGen      total 55296K, used 50176K [0x00000000d7800000, 0x00000000df780000, 0x0000000100000000)
  eden space 50176K, 100% used [0x00000000d7800000,0x00000000da900000,0x00000000da900000)
  from space 5120K, 0% used [0x00000000da900000,0x00000000da900000,0x00000000dae00000)
  to   space 20480K, 0% used [0x00000000de380000,0x00000000de380000,0x00000000df780000)
 ParOldGen       total 191488K, used 69420K [0x0000000086800000, 0x0000000092300000, 0x00000000d7800000)
  object space 191488K, 36% used [0x0000000086800000,0x000000008abcb2b0,0x0000000092300000)
 Metaspace       used 30832K, capacity 32508K, committed 32640K, reserved 1077248K
  class space    used 4145K, capacity 4453K, committed 4480K, reserved 1048576K
Event: 80.357 GC heap after
Heap after GC invocations=8 (full 2):
 PSYoungGen      total 103936K, used 16252K [0x00000000d7800000, 0x00000000df700000, 0x0000000100000000)
  eden space 83968K, 0% used [0x00000000d7800000,0x00000000d7800000,0x00000000dca00000)
  from space 19968K, 81% used [0x00000000de380000,0x00000000df35f090,0x00000000df700000)
  to   space 23040K, 0% used [0x00000000dca00000,0x00000000dca00000,0x00000000de080000)
 ParOldGen       total 191488K, used 69428K [0x0000000086800000, 0x0000000092300000, 0x00000000d7800000)
  object space 191488K, 36% used [0x0000000086800000,0x000000008abcd2b0,0x0000000092300000)
 Metaspace       used 30832K, capacity 32508K, committed 32640K, reserved 1077248K
  class space    used 4145K, capacity 4453K, committed 4480K, reserved 1048576K
}

